build/app/intermediates/manifest_merge_blame_file/release/manifest-merger-blame-release-report.txt
1<?xml version="1.0" encoding="utf-8"?>
2<manifest xmlns:android="http://schemas.android.com/apk/res/android"
3    package="com.intrack.app"
4    android:versionCode="8"
5    android:versionName="0.0.8" >
6
7    <uses-sdk
8        android:minSdkVersion="21"
8-->src/main/AndroidManifest.xml
9        android:targetSdkVersion="29" />
9-->src/main/AndroidManifest.xml
10    <!--
11         io.flutter.app.FlutterApplication is an android.app.Application that
12         calls FlutterMain.startInitialization(this); in its onCreate method.
13         In most cases you can leave this as-is, but you if you want to provide
14         additional functionality it is fine to subclass or reimplement
15         FlutterApplication and put your custom class here.
16    -->
17    <uses-permission android:name="android.permission.INTERNET" />
17-->src/main/AndroidManifest.xml:9:10-71
17-->src/main/AndroidManifest.xml:9:27-69
18    <uses-permission android:name="android.permission.READ_EXTERNAL_STORAGE" />
18-->src/main/AndroidManifest.xml:10:10-84
18-->src/main/AndroidManifest.xml:10:27-82
19    <uses-permission android:name="android.permission.WRITE_EXTERNAL_STORAGE" />
19-->src/main/AndroidManifest.xml:11:10-85
19-->src/main/AndroidManifest.xml:11:27-83
20    <uses-permission android:name="android.permission.ACCESS_NETWORK_STATE" />
20-->[:connectivity] AndroidManifest.xml:7:5-79
20-->[:connectivity] AndroidManifest.xml:7:22-76
21    <uses-permission android:name="android.permission.ACCESS_WIFI_STATE" />
21-->[:connectivity] AndroidManifest.xml:8:5-76
21-->[:connectivity] AndroidManifest.xml:8:22-73
22    <uses-permission android:name="android.permission.REQUEST_INSTALL_PACKAGES" />
22-->[:open_file] AndroidManifest.xml:8:5-83
22-->[:open_file] AndroidManifest.xml:8:22-80
23    <uses-permission android:name="android.permission.BLUETOOTH" />
23-->[org.jitsi.react:jitsi-meet-sdk:2.9.0] AndroidManifest.xml:10:5-68
23-->[org.jitsi.react:jitsi-meet-sdk:2.9.0] AndroidManifest.xml:10:22-65
24    <uses-permission android:name="android.permission.CAMERA" />
24-->[org.jitsi.react:jitsi-meet-sdk:2.9.0] AndroidManifest.xml:11:5-65
24-->[org.jitsi.react:jitsi-meet-sdk:2.9.0] AndroidManifest.xml:11:22-62
25    <uses-permission android:name="android.permission.MANAGE_OWN_CALLS" />
25-->[org.jitsi.react:jitsi-meet-sdk:2.9.0] AndroidManifest.xml:13:5-75
25-->[org.jitsi.react:jitsi-meet-sdk:2.9.0] AndroidManifest.xml:13:22-72
26    <uses-permission android:name="android.permission.MODIFY_AUDIO_SETTINGS" />
26-->[org.jitsi.react:jitsi-meet-sdk:2.9.0] AndroidManifest.xml:14:5-80
26-->[org.jitsi.react:jitsi-meet-sdk:2.9.0] AndroidManifest.xml:14:22-77
27    <uses-permission android:name="android.permission.RECORD_AUDIO" />
27-->[org.jitsi.react:jitsi-meet-sdk:2.9.0] AndroidManifest.xml:15:5-71
27-->[org.jitsi.react:jitsi-meet-sdk:2.9.0] AndroidManifest.xml:15:22-68
28    <uses-permission android:name="android.permission.SYSTEM_ALERT_WINDOW" />
28-->[org.jitsi.react:jitsi-meet-sdk:2.9.0] AndroidManifest.xml:16:5-78
28-->[org.jitsi.react:jitsi-meet-sdk:2.9.0] AndroidManifest.xml:16:22-75
29    <uses-permission android:name="android.permission.WAKE_LOCK" />
29-->[org.jitsi.react:jitsi-meet-sdk:2.9.0] AndroidManifest.xml:17:5-68
29-->[org.jitsi.react:jitsi-meet-sdk:2.9.0] AndroidManifest.xml:17:22-65
30    <uses-permission android:name="android.permission.FOREGROUND_SERVICE" />
30-->[org.jitsi.react:jitsi-meet-sdk:2.9.0] AndroidManifest.xml:19:5-77
30-->[org.jitsi.react:jitsi-meet-sdk:2.9.0] AndroidManifest.xml:19:22-74
31
32    <uses-feature
32-->[org.jitsi.react:jitsi-meet-sdk:2.9.0] AndroidManifest.xml:21:5-23:35
33        android:glEsVersion="0x00020000"
33-->[org.jitsi.react:jitsi-meet-sdk:2.9.0] AndroidManifest.xml:22:9-41
34        android:required="true" />
34-->[org.jitsi.react:jitsi-meet-sdk:2.9.0] AndroidManifest.xml:23:9-32
35    <uses-feature
35-->[org.jitsi.react:jitsi-meet-sdk:2.9.0] AndroidManifest.xml:24:5-26:36
36        android:name="android.hardware.camera"
36-->[org.jitsi.react:jitsi-meet-sdk:2.9.0] AndroidManifest.xml:25:9-47
37        android:required="false" />
37-->[org.jitsi.react:jitsi-meet-sdk:2.9.0] AndroidManifest.xml:26:9-33
38    <uses-feature
38-->[org.jitsi.react:jitsi-meet-sdk:2.9.0] AndroidManifest.xml:27:5-29:36
39        android:name="android.hardware.camera.autofocus"
39-->[org.jitsi.react:jitsi-meet-sdk:2.9.0] AndroidManifest.xml:28:9-57
40        android:required="false" />
40-->[org.jitsi.react:jitsi-meet-sdk:2.9.0] AndroidManifest.xml:29:9-33
41
42    <uses-permission android:name="android.permission.WRITE_CALENDAR" />
42-->[com.facebook.react:react-native-calendar-events:2.0.0-jitsi-4429568] AndroidManifest.xml:11:5-73
42-->[com.facebook.react:react-native-calendar-events:2.0.0-jitsi-4429568] AndroidManifest.xml:11:22-70
43    <uses-permission android:name="android.permission.READ_CALENDAR" /> <!-- Required by older versions of Google Play services to create IID tokens -->
43-->[com.facebook.react:react-native-calendar-events:2.0.0-jitsi-4429568] AndroidManifest.xml:12:5-72
43-->[com.facebook.react:react-native-calendar-events:2.0.0-jitsi-4429568] AndroidManifest.xml:12:22-69
44    <uses-permission android:name="com.google.android.c2dm.permission.RECEIVE" />
44-->[com.google.firebase:firebase-iid:20.0.0] AndroidManifest.xml:26:5-82
44-->[com.google.firebase:firebase-iid:20.0.0] AndroidManifest.xml:26:22-79
45
46    <application
46-->src/main/AndroidManifest.xml:12:5-54:19
47        android:name="io.flutter.app.FlutterApplication"
47-->src/main/AndroidManifest.xml:14:9-57
48        android:allowBackup="true"
48-->[org.jitsi.react:jitsi-meet-sdk:2.9.0] AndroidManifest.xml:32:9-35
49        android:appComponentFactory="androidx.core.app.CoreComponentFactory"
49-->[androidx.core:core:1.2.0] AndroidManifest.xml:24:18-86
50        android:icon="@mipmap/ic_launcher"
50-->src/main/AndroidManifest.xml:16:9-43
51        android:label="Intrack"
51-->src/main/AndroidManifest.xml:15:9-32
52        android:supportsRtl="true" >
52-->[org.jitsi.react:jitsi-meet-sdk:2.9.0] AndroidManifest.xml:34:9-35
53        <activity
53-->src/main/AndroidManifest.xml:17:9-48:20
54            android:name="com.intrack.app.MainActivity"
54-->src/main/AndroidManifest.xml:18:13-41
55            android:configChanges="orientation|keyboardHidden|keyboard|screenSize|smallestScreenSize|locale|layoutDirection|fontScale|screenLayout|density|uiMode"
55-->src/main/AndroidManifest.xml:21:13-163
56            android:hardwareAccelerated="true"
56-->src/main/AndroidManifest.xml:22:13-47
57            android:launchMode="singleTop"
57-->src/main/AndroidManifest.xml:19:13-43
58            android:theme="@style/LaunchTheme"
58-->src/main/AndroidManifest.xml:20:13-47
59            android:windowSoftInputMode="adjustResize" >
59-->src/main/AndroidManifest.xml:23:13-55
60
61            <!--
62                 This keeps the window background of the activity showing
63                 until Flutter renders its first frame. It can be removed if
64                 there is no splash screen (such as the default splash screen
65                 defined in @style/LaunchTheme).
66            -->
67            <meta-data
67-->src/main/AndroidManifest.xml:28:13-30:40
68                android:name="io.flutter.app.android.SplashScreenUntilFirstFrame"
68-->src/main/AndroidManifest.xml:29:17-82
69                android:value="true" />
69-->src/main/AndroidManifest.xml:30:17-37
70
71            <intent-filter>
71-->src/main/AndroidManifest.xml:31:13-34:29
72                <action android:name="android.intent.action.MAIN" />
72-->src/main/AndroidManifest.xml:32:17-68
72-->src/main/AndroidManifest.xml:32:25-66
73
74                <category android:name="android.intent.category.LAUNCHER" />
74-->src/main/AndroidManifest.xml:33:17-76
74-->src/main/AndroidManifest.xml:33:27-74
75            </intent-filter>
76            <intent-filter>
76-->src/main/AndroidManifest.xml:35:13-38:29
77                <action android:name="FLUTTER_NOTIFICATION_CLICK" />
77-->src/main/AndroidManifest.xml:36:17-69
77-->src/main/AndroidManifest.xml:36:25-66
78
79                <category android:name="android.intent.category.DEFAULT" />
79-->src/main/AndroidManifest.xml:37:17-76
79-->src/main/AndroidManifest.xml:37:27-73
80            </intent-filter>
81            <intent-filter>
81-->src/main/AndroidManifest.xml:39:13-47:29
82                <action android:name="android.intent.action.VIEW" />
82-->src/main/AndroidManifest.xml:40:17-69
82-->src/main/AndroidManifest.xml:40:25-66
83
84                <category android:name="android.intent.category.DEFAULT" />
84-->src/main/AndroidManifest.xml:37:17-76
84-->src/main/AndroidManifest.xml:37:27-73
85                <category android:name="android.intent.category.BROWSABLE" />
85-->src/main/AndroidManifest.xml:42:17-78
85-->src/main/AndroidManifest.xml:42:27-75
86
87                <data
87-->src/main/AndroidManifest.xml:43:17-46:45
88                    android:host="deeplink.intrack.in"
88-->src/main/AndroidManifest.xml:45:21-55
89                    android:pathPrefix="/"
89-->src/main/AndroidManifest.xml:46:21-43
90                    android:scheme="intrack" />
90-->src/main/AndroidManifest.xml:44:21-45
91            </intent-filter>
92        </activity>
93        <!--
94             Don't delete the meta-data below.
95             This is used by the Flutter tool to generate GeneratedPluginRegistrant.java
96        -->
97        <meta-data
97-->src/main/AndroidManifest.xml:51:9-53:33
98            android:name="flutterEmbedding"
98-->src/main/AndroidManifest.xml:52:13-44
99            android:value="2" />
99-->src/main/AndroidManifest.xml:53:13-30
100
101        <activity
101-->[:jitsi_meet] AndroidManifest.xml:8:9-15:20
102            android:name="com.gunschu.jitsi_meet.JitsiMeetPluginActivity"
102-->[:jitsi_meet] AndroidManifest.xml:9:13-74
103            android:configChanges="keyboard|keyboardHidden|orientation|screenLayout|screenSize|smallestScreenSize"
103-->[:jitsi_meet] AndroidManifest.xml:10:13-115
104            android:launchMode="singleTask"
104-->[:jitsi_meet] AndroidManifest.xml:11:13-44
105            android:resizeableActivity="true"
105-->[:jitsi_meet] AndroidManifest.xml:12:13-46
106            android:supportsPictureInPicture="true"
106-->[:jitsi_meet] AndroidManifest.xml:13:13-52
107            android:windowSoftInputMode="adjustResize" >
107-->[:jitsi_meet] AndroidManifest.xml:14:13-55
108        </activity>
109
110        <provider
110-->[:open_file] AndroidManifest.xml:12:9-21:20
111            android:name="androidx.core.content.FileProvider"
111-->[:open_file] AndroidManifest.xml:13:13-62
112            android:authorities="com.intrack.app.fileProvider"
112-->[:open_file] AndroidManifest.xml:14:13-64
113            android:exported="false"
113-->[:open_file] AndroidManifest.xml:15:13-37
114            android:grantUriPermissions="true" >
114-->[:open_file] AndroidManifest.xml:16:13-47
115            <meta-data
115-->[:open_file] AndroidManifest.xml:18:13-20:53
116                android:name="android.support.FILE_PROVIDER_PATHS"
116-->[:open_file] AndroidManifest.xml:19:17-67
117                android:resource="@xml/filepaths" />
117-->[:open_file] AndroidManifest.xml:20:17-50
118        </provider>
119
120        <service android:name="io.flutter.plugins.firebasemessaging.FlutterFirebaseMessagingService" >
120-->[:firebase_messaging] AndroidManifest.xml:8:9-12:19
120-->[:firebase_messaging] AndroidManifest.xml:8:18-101
121            <intent-filter>
121-->[:firebase_messaging] AndroidManifest.xml:9:13-11:29
122                <action android:name="com.google.firebase.MESSAGING_EVENT" />
122-->[:firebase_messaging] AndroidManifest.xml:10:17-78
122-->[:firebase_messaging] AndroidManifest.xml:10:25-75
123            </intent-filter>
124        </service>
125        <service
125-->[:firebase_messaging] AndroidManifest.xml:13:9-17:19
126            android:name="com.google.firebase.components.ComponentDiscoveryService"
126-->[:firebase_messaging] AndroidManifest.xml:13:18-89
127            android:exported="false" >
127-->[com.google.firebase:firebase-iid:20.0.0] AndroidManifest.xml:31:13-37
128            <meta-data
128-->[:firebase_messaging] AndroidManifest.xml:14:13-16:85
129                android:name="com.google.firebase.components:io.flutter.plugins.firebasemessaging.FlutterFirebaseAppRegistrar"
129-->[:firebase_messaging] AndroidManifest.xml:15:17-127
130                android:value="com.google.firebase.components.ComponentRegistrar" />
130-->[:firebase_messaging] AndroidManifest.xml:16:17-82
131            <meta-data
131-->[com.google.firebase:firebase-iid:20.0.0] AndroidManifest.xml:32:13-34:85
132                android:name="com.google.firebase.components:com.google.firebase.iid.Registrar"
132-->[com.google.firebase:firebase-iid:20.0.0] AndroidManifest.xml:33:17-96
133                android:value="com.google.firebase.components.ComponentRegistrar" />
133-->[com.google.firebase:firebase-iid:20.0.0] AndroidManifest.xml:34:17-82
134        </service>
135
136        <activity
136-->[:url_launcher] AndroidManifest.xml:8:9-11:74
137            android:name="io.flutter.plugins.urllauncher.WebViewActivity"
137-->[:url_launcher] AndroidManifest.xml:9:13-74
138            android:exported="false"
138-->[:url_launcher] AndroidManifest.xml:10:13-37
139            android:theme="@android:style/Theme.NoTitleBar.Fullscreen" />
139-->[:url_launcher] AndroidManifest.xml:11:13-71
140
141        <provider
141-->[:image_picker] AndroidManifest.xml:11:9-19:20
142            android:name="io.flutter.plugins.imagepicker.ImagePickerFileProvider"
142-->[:image_picker] AndroidManifest.xml:12:13-82
143            android:authorities="com.intrack.app.flutter.image_provider"
143-->[:image_picker] AndroidManifest.xml:13:13-74
144            android:exported="false"
144-->[:image_picker] AndroidManifest.xml:14:13-37
145            android:grantUriPermissions="true" >
145-->[:image_picker] AndroidManifest.xml:15:13-47
146            <meta-data
146-->[:open_file] AndroidManifest.xml:18:13-20:53
147                android:name="android.support.FILE_PROVIDER_PATHS"
147-->[:open_file] AndroidManifest.xml:19:17-67
148                android:resource="@xml/flutter_image_picker_file_paths" />
148-->[:open_file] AndroidManifest.xml:20:17-50
149        </provider>
150
151        <activity
151-->[org.jitsi.react:jitsi-meet-sdk:2.9.0] AndroidManifest.xml:35:9-42:20
152            android:name="org.jitsi.meet.sdk.JitsiMeetActivity"
152-->[org.jitsi.react:jitsi-meet-sdk:2.9.0] AndroidManifest.xml:36:13-64
153            android:configChanges="keyboard|keyboardHidden|orientation|screenLayout|screenSize|smallestScreenSize"
153-->[org.jitsi.react:jitsi-meet-sdk:2.9.0] AndroidManifest.xml:37:13-115
154            android:launchMode="singleTask"
154-->[org.jitsi.react:jitsi-meet-sdk:2.9.0] AndroidManifest.xml:38:13-44
155            android:resizeableActivity="true"
155-->[org.jitsi.react:jitsi-meet-sdk:2.9.0] AndroidManifest.xml:39:13-46
156            android:supportsPictureInPicture="true"
156-->[org.jitsi.react:jitsi-meet-sdk:2.9.0] AndroidManifest.xml:40:13-52
157            android:windowSoftInputMode="adjustResize" >
157-->[org.jitsi.react:jitsi-meet-sdk:2.9.0] AndroidManifest.xml:41:13-55
158        </activity>
159        <activity android:name="com.facebook.react.devsupport.DevSettingsActivity" />
159-->[org.jitsi.react:jitsi-meet-sdk:2.9.0] AndroidManifest.xml:43:9-86
159-->[org.jitsi.react:jitsi-meet-sdk:2.9.0] AndroidManifest.xml:43:19-83
160
161        <service
161-->[org.jitsi.react:jitsi-meet-sdk:2.9.0] AndroidManifest.xml:45:9-51:19
162            android:name="org.jitsi.meet.sdk.ConnectionService"
162-->[org.jitsi.react:jitsi-meet-sdk:2.9.0] AndroidManifest.xml:46:13-64
163            android:permission="android.permission.BIND_TELECOM_CONNECTION_SERVICE" >
163-->[org.jitsi.react:jitsi-meet-sdk:2.9.0] AndroidManifest.xml:47:13-84
164            <intent-filter>
164-->[org.jitsi.react:jitsi-meet-sdk:2.9.0] AndroidManifest.xml:48:13-50:29
165                <action android:name="android.telecom.ConnectionService" />
165-->[org.jitsi.react:jitsi-meet-sdk:2.9.0] AndroidManifest.xml:49:17-76
165-->[org.jitsi.react:jitsi-meet-sdk:2.9.0] AndroidManifest.xml:49:25-73
166            </intent-filter>
167        </service>
168        <service android:name="org.jitsi.meet.sdk.JitsiMeetOngoingConferenceService" />
168-->[org.jitsi.react:jitsi-meet-sdk:2.9.0] AndroidManifest.xml:52:9-88
168-->[org.jitsi.react:jitsi-meet-sdk:2.9.0] AndroidManifest.xml:52:18-85
169
170        <provider
170-->[com.facebook.react:react-native-webview:7.4.1-jitsi-4429568] AndroidManifest.xml:12:9-20:20
171            android:name="com.reactnativecommunity.webview.RNCWebViewFileProvider"
171-->[com.facebook.react:react-native-webview:7.4.1-jitsi-4429568] AndroidManifest.xml:13:13-83
172            android:authorities="com.intrack.app.fileprovider"
172-->[com.facebook.react:react-native-webview:7.4.1-jitsi-4429568] AndroidManifest.xml:14:13-64
173            android:exported="false"
173-->[com.facebook.react:react-native-webview:7.4.1-jitsi-4429568] AndroidManifest.xml:15:13-37
174            android:grantUriPermissions="true" >
174-->[com.facebook.react:react-native-webview:7.4.1-jitsi-4429568] AndroidManifest.xml:16:13-47
175            <meta-data
175-->[:open_file] AndroidManifest.xml:18:13-20:53
176                android:name="android.support.FILE_PROVIDER_PATHS"
176-->[:open_file] AndroidManifest.xml:19:17-67
177                android:resource="@xml/file_provider_paths" />
177-->[:open_file] AndroidManifest.xml:20:17-50
178        </provider>
179        <!--
180             FirebaseMessagingService performs security checks at runtime,
181             but set to not exported to explicitly avoid allowing another app to call it.
182        -->
183        <service
183-->[com.google.firebase:firebase-messaging:20.0.0] AndroidManifest.xml:28:9-34:19
184            android:name="com.google.firebase.messaging.FirebaseMessagingService"
184-->[com.google.firebase:firebase-messaging:20.0.0] AndroidManifest.xml:29:13-82
185            android:exported="false" >
185-->[com.google.firebase:firebase-messaging:20.0.0] AndroidManifest.xml:30:13-37
186            <intent-filter android:priority="-500" >
186-->[:firebase_messaging] AndroidManifest.xml:9:13-11:29
187                <action android:name="com.google.firebase.MESSAGING_EVENT" />
187-->[:firebase_messaging] AndroidManifest.xml:10:17-78
187-->[:firebase_messaging] AndroidManifest.xml:10:25-75
188            </intent-filter>
189        </service>
190
191        <receiver
191-->[com.google.firebase:firebase-iid:20.0.0] AndroidManifest.xml:37:9-44:20
192            android:name="com.google.firebase.iid.FirebaseInstanceIdReceiver"
192-->[com.google.firebase:firebase-iid:20.0.0] AndroidManifest.xml:38:13-78
193            android:exported="true"
193-->[com.google.firebase:firebase-iid:20.0.0] AndroidManifest.xml:39:13-36
194            android:permission="com.google.android.c2dm.permission.SEND" >
194-->[com.google.firebase:firebase-iid:20.0.0] AndroidManifest.xml:40:13-73
195            <intent-filter>
195-->[com.google.firebase:firebase-iid:20.0.0] AndroidManifest.xml:41:13-43:29
196                <action android:name="com.google.android.c2dm.intent.RECEIVE" />
196-->[com.google.firebase:firebase-iid:20.0.0] AndroidManifest.xml:42:17-81
196-->[com.google.firebase:firebase-iid:20.0.0] AndroidManifest.xml:42:25-78
197            </intent-filter>
198        </receiver>
199
200        <provider
200-->[com.google.firebase:firebase-common:19.0.0] AndroidManifest.xml:12:9-16:39
201            android:name="com.google.firebase.provider.FirebaseInitProvider"
201-->[com.google.firebase:firebase-common:19.0.0] AndroidManifest.xml:13:13-77
202            android:authorities="com.intrack.app.firebaseinitprovider"
202-->[com.google.firebase:firebase-common:19.0.0] AndroidManifest.xml:14:13-72
203            android:exported="false"
203-->[com.google.firebase:firebase-common:19.0.0] AndroidManifest.xml:15:13-37
204            android:initOrder="100" />
204-->[com.google.firebase:firebase-common:19.0.0] AndroidManifest.xml:16:13-36
205
206        <activity
206-->[com.google.android.gms:play-services-auth:17.0.0] AndroidManifest.xml:23:9-27:75
207            android:name="com.google.android.gms.auth.api.signin.internal.SignInHubActivity"
207-->[com.google.android.gms:play-services-auth:17.0.0] AndroidManifest.xml:24:13-93
208            android:excludeFromRecents="true"
208-->[com.google.android.gms:play-services-auth:17.0.0] AndroidManifest.xml:25:13-46
209            android:exported="false"
209-->[com.google.android.gms:play-services-auth:17.0.0] AndroidManifest.xml:26:13-37
210            android:theme="@android:style/Theme.Translucent.NoTitleBar" />
210-->[com.google.android.gms:play-services-auth:17.0.0] AndroidManifest.xml:27:13-72
211        <!--
212            Service handling Google Sign-In user revocation. For apps that do not integrate with
213            Google Sign-In, this service will never be started.
214        -->
215        <service
215-->[com.google.android.gms:play-services-auth:17.0.0] AndroidManifest.xml:33:9-36:110
216            android:name="com.google.android.gms.auth.api.signin.RevocationBoundService"
216-->[com.google.android.gms:play-services-auth:17.0.0] AndroidManifest.xml:34:13-89
217            android:exported="true"
217-->[com.google.android.gms:play-services-auth:17.0.0] AndroidManifest.xml:35:13-36
218            android:permission="com.google.android.gms.auth.api.signin.permission.REVOCATION_NOTIFICATION" />
218-->[com.google.android.gms:play-services-auth:17.0.0] AndroidManifest.xml:36:13-107
219
220        <activity
220-->[com.google.android.gms:play-services-base:17.0.0] AndroidManifest.xml:23:9-26:75
221            android:name="com.google.android.gms.common.api.GoogleApiActivity"
221-->[com.google.android.gms:play-services-base:17.0.0] AndroidManifest.xml:24:13-79
222            android:exported="false"
222-->[com.google.android.gms:play-services-base:17.0.0] AndroidManifest.xml:25:13-37
223            android:theme="@android:style/Theme.Translucent.NoTitleBar" />
223-->[com.google.android.gms:play-services-base:17.0.0] AndroidManifest.xml:26:13-72
224
225        <meta-data
225-->[com.google.android.gms:play-services-basement:17.0.0] AndroidManifest.xml:23:9-25:69
226            android:name="com.google.android.gms.version"
226-->[com.google.android.gms:play-services-basement:17.0.0] AndroidManifest.xml:24:13-58
227            android:value="@integer/google_play_services_version" />
227-->[com.google.android.gms:play-services-basement:17.0.0] AndroidManifest.xml:25:13-66
228    </application>
229
230</manifest>